<?xml version="1.0" encoding="UTF-8"?>
<testsuite name="com.cg.demo.test.MathTest" tests="6" skipped="0" failures="0" errors="0" timestamp="2016-03-13T12:14:37" hostname="LIN51002860A" time="0.005">
  <properties/>
  <testcase name="factorialOfNegativeNumbersCannotBeFound" classname="com.cg.demo.test.MathTest" time="0.004"/>
  <testcase name="zeroFactorialIsOne" classname="com.cg.demo.test.MathTest" time="0.0"/>
  <testcase name="fiveFactorialIsOnetwenty" classname="com.cg.demo.test.MathTest" time="0.0"/>
  <testcase name="testWhetherNumberIsEven" classname="com.cg.demo.test.MathTest" time="0.0"/>
  <testcase name="oneFactorialIsOne" classname="com.cg.demo.test.MathTest" time="0.0"/>
  <testcase name="testWhetherNumberIsOdd" classname="com.cg.demo.test.MathTest" time="0.0"/>
  <system-out><![CDATA[]]></system-out>
  <system-err><![CDATA[]]></system-err>
</testsuite>
